::1 - - [06/Jul/2024:03:17:53 +0000] "GET /lien-he HTTP/1.1" 304 -
::1 - - [06/Jul/2024:03:17:53 +0000] "GET /assets/css/style.css HTTP/1.1" 304 -
::1 - - [06/Jul/2024:03:17:53 +0000] "GET /assets/js/script.js HTTP/1.1" 304 -
::1 - - [06/Jul/2024:03:20:12 +0000] "GET / HTTP/1.1" 500 77
::1 - - [06/Jul/2024:03:22:37 +0000] "GET / HTTP/1.1" 500 77
::1 - - [06/Jul/2024:03:26:56 +0000] "GET / HTTP/1.1" 500 1557
::1 - - [06/Jul/2024:03:27:06 +0000] "GET / HTTP/1.1" 500 77
::1 - - [06/Jul/2024:03:27:19 +0000] "GET / HTTP/1.1" 500 77
::1 - - [06/Jul/2024:03:27:46 +0000] "GET / HTTP/1.1" 500 77
::1 - - [06/Jul/2024:03:27:54 +0000] "GET / HTTP/1.1" 500 422
::1 - - [06/Jul/2024:03:27:54 +0000] "GET /assets/css/style.css HTTP/1.1" 304 -
::1 - - [06/Jul/2024:03:27:54 +0000] "GET /assets/js/script.js HTTP/1.1" 304 -
::1 - - [06/Jul/2024:03:28:32 +0000] "GET / HTTP/1.1" 500 27
::1 - - [06/Jul/2024:03:28:37 +0000] "GET /mcdcjvj HTTP/1.1" 404 29
::1 - - [06/Jul/2024:03:35:22 +0000] "GET / HTTP/1.1" 500 27
::1 - - [06/Jul/2024:03:35:22 +0000] "GET / HTTP/1.1" 500 27
::1 - - [06/Jul/2024:03:35:41 +0000] "GET / HTTP/1.1" 200 581
::1 - - [06/Jul/2024:03:35:41 +0000] "GET /assets/css/style.css HTTP/1.1" 304 -
::1 - - [06/Jul/2024:03:35:41 +0000] "GET /assets/js/script.js HTTP/1.1" 304 -
::1 - - [06/Jul/2024:03:38:43 +0000] "GET /assets/css/style.css HTTP/1.1" 304 -
::1 - - [06/Jul/2024:03:39:12 +0000] "GET / HTTP/1.1" 200 581
::1 - - [06/Jul/2024:03:39:12 +0000] "GET /assets/css/style.css HTTP/1.1" 200 26
::1 - - [06/Jul/2024:03:39:12 +0000] "GET /assets/js/script.js HTTP/1.1" 200 23
::1 - - [06/Jul/2024:03:41:11 +0000] "GET / HTTP/1.1" 200 581
::1 - - [06/Jul/2024:03:41:11 +0000] "GET /assets/css/style.css HTTP/1.1" 200 26
::1 - - [06/Jul/2024:03:41:11 +0000] "GET /assets/js/script.js HTTP/1.1" 200 23
::1 - - [06/Jul/2024:03:42:38 +0000] "GET / HTTP/1.1" 200 581
::1 - - [06/Jul/2024:03:42:38 +0000] "GET /assets/css/style.css HTTP/1.1" 200 26
::1 - - [06/Jul/2024:03:42:38 +0000] "GET /assets/js/script.js HTTP/1.1" 200 23
::1 - - [06/Jul/2024:03:43:39 +0000] "GET / HTTP/1.1" 200 581
::1 - - [06/Jul/2024:03:43:39 +0000] "GET /assets/css/style.css HTTP/1.1" 200 26
::1 - - [06/Jul/2024:03:43:39 +0000] "GET /assets/js/script.js HTTP/1.1" 200 23
::1 - - [06/Jul/2024:03:44:14 +0000] "GET / HTTP/1.1" 200 581
::1 - - [06/Jul/2024:03:44:14 +0000] "GET /assets/css/style.css HTTP/1.1" 200 26
::1 - - [06/Jul/2024:03:44:14 +0000] "GET /assets/js/script.js HTTP/1.1" 200 23
::1 - - [06/Jul/2024:03:49:17 +0000] "GET / HTTP/1.1" 200 581
::1 - - [06/Jul/2024:03:49:17 +0000] "GET /assets/css/style.css HTTP/1.1" 200 26
::1 - - [06/Jul/2024:03:49:17 +0000] "GET /assets/js/script.js HTTP/1.1" 200 23
::1 - - [06/Jul/2024:03:51:05 +0000] "GET / HTTP/1.1" 200 581
::1 - - [06/Jul/2024:03:51:05 +0000] "GET /assets/css/style.css HTTP/1.1" 200 26
::1 - - [06/Jul/2024:03:51:05 +0000] "GET /assets/js/script.js HTTP/1.1" 200 23
::1 - - [06/Jul/2024:03:51:13 +0000] "GET /gioi-thieu HTTP/1.1" 200 420
::1 - - [06/Jul/2024:03:51:13 +0000] "GET /assets/css/style.css HTTP/1.1" 200 26
::1 - - [06/Jul/2024:03:51:13 +0000] "GET /assets/js/script.js HTTP/1.1" 200 23
::1 - - [06/Jul/2024:03:55:03 +0000] "GET /gioi-thieu HTTP/1.1" 200 420
::1 - - [06/Jul/2024:03:55:03 +0000] "GET /assets/css/style.css HTTP/1.1" 200 26
::1 - - [06/Jul/2024:03:55:03 +0000] "GET /assets/js/script.js HTTP/1.1" 200 23
::1 - - [06/Jul/2024:04:20:28 +0000] "GET /auth/login HTTP/1.1" 304 -
::1 - - [06/Jul/2024:04:21:28 +0000] "GET /auth/login HTTP/1.1" 200 651
::1 - - [06/Jul/2024:04:22:59 +0000] "GET /auth/login HTTP/1.1" 200 1013
::1 - - [06/Jul/2024:04:23:16 +0000] "GET /auth/login HTTP/1.1" 200 1059
::1 - - [06/Jul/2024:04:23:34 +0000] "POST /auth/login HTTP/1.1" 404 69
::1 - - [06/Jul/2024:04:27:06 +0000] "GET /auth/login HTTP/1.1" 304 -
::1 - - [06/Jul/2024:04:27:10 +0000] "POST /auth/login HTTP/1.1" 404 69
::1 - - [06/Jul/2024:04:28:15 +0000] "GET /auth/login HTTP/1.1" 304 -
::1 - - [06/Jul/2024:04:28:17 +0000] "POST /auth/login HTTP/1.1" 200 6
::1 - - [06/Jul/2024:04:34:26 +0000] "GET /auth/login HTTP/1.1" 200 1059
::1 - - [06/Jul/2024:04:34:27 +0000] "GET /auth/login HTTP/1.1" 304 -
::1 - - [06/Jul/2024:04:34:28 +0000] "POST /auth/login HTTP/1.1" 302 66
::1 - - [06/Jul/2024:04:34:28 +0000] "GET /auth/login HTTP/1.1" 200 1059
::1 - - [06/Jul/2024:04:34:29 +0000] "POST /auth/login HTTP/1.1" 302 66
::1 - - [06/Jul/2024:04:34:29 +0000] "GET /auth/login HTTP/1.1" 200 1059
::1 - - [06/Jul/2024:04:34:31 +0000] "POST /auth/login HTTP/1.1" 302 66
::1 - - [06/Jul/2024:04:34:31 +0000] "GET /auth/login HTTP/1.1" 200 1059
::1 - - [06/Jul/2024:04:38:27 +0000] "GET /auth/login HTTP/1.1" 304 -
::1 - - [06/Jul/2024:04:38:29 +0000] "POST /auth/login HTTP/1.1" 302 66
::1 - - [06/Jul/2024:04:38:29 +0000] "GET /auth/login HTTP/1.1" 200 1059
::1 - - [06/Jul/2024:04:43:40 +0000] "GET /auth/login HTTP/1.1" 200 1159
::1 - - [06/Jul/2024:04:43:41 +0000] "POST /auth/login HTTP/1.1" 302 66
::1 - - [06/Jul/2024:04:43:41 +0000] "GET /auth/login HTTP/1.1" 200 1210
::1 - - [06/Jul/2024:04:43:46 +0000] "POST /auth/login HTTP/1.1" 302 66
::1 - - [06/Jul/2024:04:43:46 +0000] "GET /auth/login HTTP/1.1" 200 1188
::1 - - [06/Jul/2024:04:52:17 +0000] "POST /auth/login HTTP/1.1" 200 11
